[2024-03-19 12:57:42] local.ERROR: Vite manifest not found at: E:\M. RAYHAN LABIB AFIFI IS-05-02\Semester 4\Pemrograman Framework\basic-routing\public\build/manifest.json {"view":{"view":"E:\\M. RAYHAN LABIB AFIFI IS-05-02\\Semester 4\\Pemrograman Framework\\basic-routing\\resources\\views\\routing.blade.php","data":{"errors":"<pre class=sf-dump id=sf-dump-1659516265 data-indent-pad=\"  \"><span class=sf-dump-note>Illuminate\\Support\\ViewErrorBag</span> {<a class=sf-dump-ref>#313</a><samp data-depth=1 class=sf-dump-expanded>
  #<span class=sf-dump-protected title=\"Protected property\">bags</span>: []
</samp>}
</pre><script>Sfdump(\"sf-dump-1659516265\", {\"maxDepth\":3,\"maxStringLength\":160})</script>
"}},"exception":"[object] (Spatie\\LaravelIgnition\\Exceptions\\ViewException(code: 0): Vite manifest not found at: E:\\M. RAYHAN LABIB AFIFI IS-05-02\\Semester 4\\Pemrograman Framework\\basic-routing\\public\\build/manifest.json at E:\\M. RAYHAN LABIB AFIFI IS-05-02\\Semester 4\\Pemrograman Framework\\basic-routing\\vendor\\laravel\\framework\\src\\Illuminate\\Foundation\\Vite.php:728)
[stacktrace]
#0 E:\\M. RAYHAN LABIB AFIFI IS-05-02\\Semester 4\\Pemrograman Framework\\basic-routing\\vendor\\laravel\\framework\\src\\Illuminate\\Foundation\\Vite.php(293): Illuminate\\Foundation\\Vite->manifest('build')
#1 E:\\M. RAYHAN LABIB AFIFI IS-05-02\\Semester 4\\Pemrograman Framework\\basic-routing\\resources\\views\\routing.blade.php(8): Illuminate\\Foundation\\Vite->__invoke(Object(Illuminate\\Support\\Collection))
#2 E:\\M. RAYHAN LABIB AFIFI IS-05-02\\Semester 4\\Pemrograman Framework\\basic-routing\\vendor\\laravel\\framework\\src\\Illuminate\\Filesystem\\Filesystem.php(123): require('E:\\\\M. RAYHAN LA...')
#3 E:\\M. RAYHAN LABIB AFIFI IS-05-02\\Semester 4\\Pemrograman Framework\\basic-routing\\vendor\\laravel\\framework\\src\\Illuminate\\Filesystem\\Filesystem.php(124): Illuminate\\Filesystem\\Filesystem::Illuminate\\Filesystem\\{closure}()
#4 E:\\M. RAYHAN LABIB AFIFI IS-05-02\\Semester 4\\Pemrograman Framework\\basic-routing\\vendor\\laravel\\framework\\src\\Illuminate\\View\\Engines\\PhpEngine.php(58): Illuminate\\Filesystem\\Filesystem->getRequire('E:\\\\M. RAYHAN LA...', Array)
#5 E:\\M. RAYHAN LABIB AFIFI IS-05-02\\Semester 4\\Pemrograman Framework\\basic-routing\\vendor\\laravel\\framework\\src\\Illuminate\\View\\Engines\\CompilerEngine.php(72): Illuminate\\View\\Engines\\PhpEngine->evaluatePath('E:\\\\M. RAYHAN LA...', Array)
#6 E:\\M. RAYHAN LABIB AFIFI IS-05-02\\Semester 4\\Pemrograman Framework\\basic-routing\\vendor\\laravel\\framework\\src\\Illuminate\\View\\View.php(207): Illuminate\\View\\Engines\\CompilerEngine->get('E:\\\\M. RAYHAN LA...', Array)
#7 E:\\M. RAYHAN LABIB AFIFI IS-05-02\\Semester 4\\Pemrograman Framework\\basic-routing\\vendor\\laravel\\framework\\src\\Illuminate\\View\\View.php(190): Illuminate\\View\\View->getContents()
#8 E:\\M. RAYHAN LABIB AFIFI IS-05-02\\Semester 4\\Pemrograman Framework\\basic-routing\\vendor\\laravel\\framework\\src\\Illuminate\\View\\View.php(159): Illuminate\\View\\View->renderContents()
#9 E:\\M. RAYHAN LABIB AFIFI IS-05-02\\Semester 4\\Pemrograman Framework\\basic-routing\\vendor\\laravel\\framework\\src\\Illuminate\\Http\\Response.php(69): Illuminate\\View\\View->render()
#10 E:\\M. RAYHAN LABIB AFIFI IS-05-02\\Semester 4\\Pemrograman Framework\\basic-routing\\vendor\\laravel\\framework\\src\\Illuminate\\Http\\Response.php(35): Illuminate\\Http\\Response->setContent(Object(Illuminate\\View\\View))
#11 E:\\M. RAYHAN LABIB AFIFI IS-05-02\\Semester 4\\Pemrograman Framework\\basic-routing\\vendor\\laravel\\framework\\src\\Illuminate\\Routing\\Router.php(918): Illuminate\\Http\\Response->__construct(Object(Illuminate\\View\\View), 200, Array)
#12 E:\\M. RAYHAN LABIB AFIFI IS-05-02\\Semester 4\\Pemrograman Framework\\basic-routing\\vendor\\laravel\\framework\\src\\Illuminate\\Routing\\Router.php(885): Illuminate\\Routing\\Router::toResponse(Object(Illuminate\\Http\\Request), Object(Illuminate\\View\\View))
#13 E:\\M. RAYHAN LABIB AFIFI IS-05-02\\Semester 4\\Pemrograman Framework\\basic-routing\\vendor\\laravel\\framework\\src\\Illuminate\\Routing\\Router.php(805): Illuminate\\Routing\\Router->prepareResponse(Object(Illuminate\\Http\\Request), Object(Illuminate\\View\\View))
#14 E:\\M. RAYHAN LABIB AFIFI IS-05-02\\Semester 4\\Pemrograman Framework\\basic-routing\\vendor\\laravel\\framework\\src\\Illuminate\\Pipeline\\Pipeline.php(144): Illuminate\\Routing\\Router->Illuminate\\Routing\\{closure}(Object(Illuminate\\Http\\Request))
#15 E:\\M. RAYHAN LABIB AFIFI IS-05-02\\Semester 4\\Pemrograman Framework\\basic-routing\\vendor\\laravel\\framework\\src\\Illuminate\\Routing\\Middleware\\SubstituteBindings.php(50): Illuminate\\Pipeline\\Pipeline->Illuminate\\Pipeline\\{closure}(Object(Illuminate\\Http\\Request))
#16 E:\\M. RAYHAN LABIB AFIFI IS-05-02\\Semester 4\\Pemrograman Framework\\basic-routing\\vendor\\laravel\\framework\\src\\Illuminate\\Pipeline\\Pipeline.php(183): Illuminate\\Routing\\Middleware\\SubstituteBindings->handle(Object(Illuminate\\Http\\Request), Object(Closure))
#17 E:\\M. RAYHAN LABIB AFIFI IS-05-02\\Semester 4\\Pemrograman Framework\\basic-routing\\vendor\\laravel\\framework\\src\\Illuminate\\Foundation\\Http\\Middleware\\VerifyCsrfToken.php(78): Illuminate\\Pipeline\\Pipeline->Illuminate\\Pipeline\\{closure}(Object(Illuminate\\Http\\Request))
#18 E:\\M. RAYHAN LABIB AFIFI IS-05-02\\Semester 4\\Pemrograman Framework\\basic-routing\\vendor\\laravel\\framework\\src\\Illuminate\\Pipeline\\Pipeline.php(183): Illuminate\\Foundation\\Http\\Middleware\\VerifyCsrfToken->handle(Object(Illuminate\\Http\\Request), Object(Closure))
#19 E:\\M. RAYHAN LABIB AFIFI IS-05-02\\Semester 4\\Pemrograman Framework\\basic-routing\\vendor\\laravel\\framework\\src\\Illuminate\\View\\Middleware\\ShareErrorsFromSession.php(49): Illuminate\\Pipeline\\Pipeline->Illuminate\\Pipeline\\{closure}(Object(Illuminate\\Http\\Request))
#20 E:\\M. RAYHAN LABIB AFIFI IS-05-02\\Semester 4\\Pemrograman Framework\\basic-routing\\vendor\\laravel\\framework\\src\\Illuminate\\Pipeline\\Pipeline.php(183): Illuminate\\View\\Middleware\\ShareErrorsFromSession->handle(Object(Illuminate\\Http\\Request), Object(Closure))
#21 E:\\M. RAYHAN LABIB AFIFI IS-05-02\\Semester 4\\Pemrograman Framework\\basic-routing\\vendor\\laravel\\framework\\src\\Illuminate\\Session\\Middleware\\StartSession.php(121): Illuminate\\Pipeline\\Pipeline->Illuminate\\Pipeline\\{closure}(Object(Illuminate\\Http\\Request))
#22 E:\\M. RAYHAN LABIB AFIFI IS-05-02\\Semester 4\\Pemrograman Framework\\basic-routing\\vendor\\laravel\\framework\\src\\Illuminate\\Session\\Middleware\\StartSession.php(64): Illuminate\\Session\\Middleware\\StartSession->handleStatefulRequest(Object(Illuminate\\Http\\Request), Object(Illuminate\\Session\\Store), Object(Closure))
#23 E:\\M. RAYHAN LABIB AFIFI IS-05-02\\Semester 4\\Pemrograman Framework\\basic-routing\\vendor\\laravel\\framework\\src\\Illuminate\\Pipeline\\Pipeline.php(183): Illuminate\\Session\\Middleware\\StartSession->handle(Object(Illuminate\\Http\\Request), Object(Closure))
#24 E:\\M. RAYHAN LABIB AFIFI IS-05-02\\Semester 4\\Pemrograman Framework\\basic-routing\\vendor\\laravel\\framework\\src\\Illuminate\\Cookie\\Middleware\\AddQueuedCookiesToResponse.php(37): Illuminate\\Pipeline\\Pipeline->Illuminate\\Pipeline\\{closure}(Object(Illuminate\\Http\\Request))
#25 E:\\M. RAYHAN LABIB AFIFI IS-05-02\\Semester 4\\Pemrograman Framework\\basic-routing\\vendor\\laravel\\framework\\src\\Illuminate\\Pipeline\\Pipeline.php(183): Illuminate\\Cookie\\Middleware\\AddQueuedCookiesToResponse->handle(Object(Illuminate\\Http\\Request), Object(Closure))
#26 E:\\M. RAYHAN LABIB AFIFI IS-05-02\\Semester 4\\Pemrograman Framework\\basic-routing\\vendor\\laravel\\framework\\src\\Illuminate\\Cookie\\Middleware\\EncryptCookies.php(67): Illuminate\\Pipeline\\Pipeline->Illuminate\\Pipeline\\{closure}(Object(Illuminate\\Http\\Request))
#27 E:\\M. RAYHAN LABIB AFIFI IS-05-02\\Semester 4\\Pemrograman Framework\\basic-routing\\vendor\\laravel\\framework\\src\\Illuminate\\Pipeline\\Pipeline.php(183): Illuminate\\Cookie\\Middleware\\EncryptCookies->handle(Object(Illuminate\\Http\\Request), Object(Closure))
#28 E:\\M. RAYHAN LABIB AFIFI IS-05-02\\Semester 4\\Pemrograman Framework\\basic-routing\\vendor\\laravel\\framework\\src\\Illuminate\\Pipeline\\Pipeline.php(119): Illuminate\\Pipeline\\Pipeline->Illuminate\\Pipeline\\{closure}(Object(Illuminate\\Http\\Request))
#29 E:\\M. RAYHAN LABIB AFIFI IS-05-02\\Semester 4\\Pemrograman Framework\\basic-routing\\vendor\\laravel\\framework\\src\\Illuminate\\Routing\\Router.php(805): Illuminate\\Pipeline\\Pipeline->then(Object(Closure))
#30 E:\\M. RAYHAN LABIB AFIFI IS-05-02\\Semester 4\\Pemrograman Framework\\basic-routing\\vendor\\laravel\\framework\\src\\Illuminate\\Routing\\Router.php(784): Illuminate\\Routing\\Router->runRouteWithinStack(Object(Illuminate\\Routing\\Route), Object(Illuminate\\Http\\Request))
#31 E:\\M. RAYHAN LABIB AFIFI IS-05-02\\Semester 4\\Pemrograman Framework\\basic-routing\\vendor\\laravel\\framework\\src\\Illuminate\\Routing\\Router.php(748): Illuminate\\Routing\\Router->runRoute(Object(Illuminate\\Http\\Request), Object(Illuminate\\Routing\\Route))
#32 E:\\M. RAYHAN LABIB AFIFI IS-05-02\\Semester 4\\Pemrograman Framework\\basic-routing\\vendor\\laravel\\framework\\src\\Illuminate\\Routing\\Router.php(737): Illuminate\\Routing\\Router->dispatchToRoute(Object(Illuminate\\Http\\Request))
#33 E:\\M. RAYHAN LABIB AFIFI IS-05-02\\Semester 4\\Pemrograman Framework\\basic-routing\\vendor\\laravel\\framework\\src\\Illuminate\\Foundation\\Http\\Kernel.php(200): Illuminate\\Routing\\Router->dispatch(Object(Illuminate\\Http\\Request))
#34 E:\\M. RAYHAN LABIB AFIFI IS-05-02\\Semester 4\\Pemrograman Framework\\basic-routing\\vendor\\laravel\\framework\\src\\Illuminate\\Pipeline\\Pipeline.php(144): Illuminate\\Foundation\\Http\\Kernel->Illuminate\\Foundation\\Http\\{closure}(Object(Illuminate\\Http\\Request))
#35 E:\\M. RAYHAN LABIB AFIFI IS-05-02\\Semester 4\\Pemrograman Framework\\basic-routing\\vendor\\laravel\\framework\\src\\Illuminate\\Foundation\\Http\\Middleware\\TransformsRequest.php(21): Illuminate\\Pipeline\\Pipeline->Illuminate\\Pipeline\\{closure}(Object(Illuminate\\Http\\Request))
#36 E:\\M. RAYHAN LABIB AFIFI IS-05-02\\Semester 4\\Pemrograman Framework\\basic-routing\\vendor\\laravel\\framework\\src\\Illuminate\\Foundation\\Http\\Middleware\\ConvertEmptyStringsToNull.php(31): Illuminate\\Foundation\\Http\\Middleware\\TransformsRequest->handle(Object(Illuminate\\Http\\Request), Object(Closure))
#37 E:\\M. RAYHAN LABIB AFIFI IS-05-02\\Semester 4\\Pemrograman Framework\\basic-routing\\vendor\\laravel\\framework\\src\\Illuminate\\Pipeline\\Pipeline.php(183): Illuminate\\Foundation\\Http\\Middleware\\ConvertEmptyStringsToNull->handle(Object(Illuminate\\Http\\Request), Object(Closure))
#38 E:\\M. RAYHAN LABIB AFIFI IS-05-02\\Semester 4\\Pemrograman Framework\\basic-routing\\vendor\\laravel\\framework\\src\\Illuminate\\Foundation\\Http\\Middleware\\TransformsRequest.php(21): Illuminate\\Pipeline\\Pipeline->Illuminate\\Pipeline\\{closure}(Object(Illuminate\\Http\\Request))
#39 E:\\M. RAYHAN LABIB AFIFI IS-05-02\\Semester 4\\Pemrograman Framework\\basic-routing\\vendor\\laravel\\framework\\src\\Illuminate\\Foundation\\Http\\Middleware\\TrimStrings.php(40): Illuminate\\Foundation\\Http\\Middleware\\TransformsRequest->handle(Object(Illuminate\\Http\\Request), Object(Closure))
#40 E:\\M. RAYHAN LABIB AFIFI IS-05-02\\Semester 4\\Pemrograman Framework\\basic-routing\\vendor\\laravel\\framework\\src\\Illuminate\\Pipeline\\Pipeline.php(183): Illuminate\\Foundation\\Http\\Middleware\\TrimStrings->handle(Object(Illuminate\\Http\\Request), Object(Closure))
#41 E:\\M. RAYHAN LABIB AFIFI IS-05-02\\Semester 4\\Pemrograman Framework\\basic-routing\\vendor\\laravel\\framework\\src\\Illuminate\\Foundation\\Http\\Middleware\\ValidatePostSize.php(27): Illuminate\\Pipeline\\Pipeline->Illuminate\\Pipeline\\{closure}(Object(Illuminate\\Http\\Request))
#42 E:\\M. RAYHAN LABIB AFIFI IS-05-02\\Semester 4\\Pemrograman Framework\\basic-routing\\vendor\\laravel\\framework\\src\\Illuminate\\Pipeline\\Pipeline.php(183): Illuminate\\Foundation\\Http\\Middleware\\ValidatePostSize->handle(Object(Illuminate\\Http\\Request), Object(Closure))
#43 E:\\M. RAYHAN LABIB AFIFI IS-05-02\\Semester 4\\Pemrograman Framework\\basic-routing\\vendor\\laravel\\framework\\src\\Illuminate\\Foundation\\Http\\Middleware\\PreventRequestsDuringMaintenance.php(99): Illuminate\\Pipeline\\Pipeline->Illuminate\\Pipeline\\{closure}(Object(Illuminate\\Http\\Request))
#44 E:\\M. RAYHAN LABIB AFIFI IS-05-02\\Semester 4\\Pemrograman Framework\\basic-routing\\vendor\\laravel\\framework\\src\\Illuminate\\Pipeline\\Pipeline.php(183): Illuminate\\Foundation\\Http\\Middleware\\PreventRequestsDuringMaintenance->handle(Object(Illuminate\\Http\\Request), Object(Closure))
#45 E:\\M. RAYHAN LABIB AFIFI IS-05-02\\Semester 4\\Pemrograman Framework\\basic-routing\\vendor\\laravel\\framework\\src\\Illuminate\\Http\\Middleware\\HandleCors.php(49): Illuminate\\Pipeline\\Pipeline->Illuminate\\Pipeline\\{closure}(Object(Illuminate\\Http\\Request))
#46 E:\\M. RAYHAN LABIB AFIFI IS-05-02\\Semester 4\\Pemrograman Framework\\basic-routing\\vendor\\laravel\\framework\\src\\Illuminate\\Pipeline\\Pipeline.php(183): Illuminate\\Http\\Middleware\\HandleCors->handle(Object(Illuminate\\Http\\Request), Object(Closure))
#47 E:\\M. RAYHAN LABIB AFIFI IS-05-02\\Semester 4\\Pemrograman Framework\\basic-routing\\vendor\\laravel\\framework\\src\\Illuminate\\Http\\Middleware\\TrustProxies.php(39): Illuminate\\Pipeline\\Pipeline->Illuminate\\Pipeline\\{closure}(Object(Illuminate\\Http\\Request))
#48 E:\\M. RAYHAN LABIB AFIFI IS-05-02\\Semester 4\\Pemrograman Framework\\basic-routing\\vendor\\laravel\\framework\\src\\Illuminate\\Pipeline\\Pipeline.php(183): Illuminate\\Http\\Middleware\\TrustProxies->handle(Object(Illuminate\\Http\\Request), Object(Closure))
#49 E:\\M. RAYHAN LABIB AFIFI IS-05-02\\Semester 4\\Pemrograman Framework\\basic-routing\\vendor\\laravel\\framework\\src\\Illuminate\\Pipeline\\Pipeline.php(119): Illuminate\\Pipeline\\Pipeline->Illuminate\\Pipeline\\{closure}(Object(Illuminate\\Http\\Request))
#50 E:\\M. RAYHAN LABIB AFIFI IS-05-02\\Semester 4\\Pemrograman Framework\\basic-routing\\vendor\\laravel\\framework\\src\\Illuminate\\Foundation\\Http\\Kernel.php(175): Illuminate\\Pipeline\\Pipeline->then(Object(Closure))
#51 E:\\M. RAYHAN LABIB AFIFI IS-05-02\\Semester 4\\Pemrograman Framework\\basic-routing\\vendor\\laravel\\framework\\src\\Illuminate\\Foundation\\Http\\Kernel.php(144): Illuminate\\Foundation\\Http\\Kernel->sendRequestThroughRouter(Object(Illuminate\\Http\\Request))
#52 E:\\M. RAYHAN LABIB AFIFI IS-05-02\\Semester 4\\Pemrograman Framework\\basic-routing\\public\\index.php(51): Illuminate\\Foundation\\Http\\Kernel->handle(Object(Illuminate\\Http\\Request))
#53 E:\\M. RAYHAN LABIB AFIFI IS-05-02\\Semester 4\\Pemrograman Framework\\basic-routing\\vendor\\laravel\\framework\\src\\Illuminate\\Foundation\\resources\\server.php(16): require_once('E:\\\\M. RAYHAN LA...')
#54 {main}

[previous exception] [object] (Illuminate\\Foundation\\ViteManifestNotFoundException(code: 0): Vite manifest not found at: E:\\M. RAYHAN LABIB AFIFI IS-05-02\\Semester 4\\Pemrograman Framework\\basic-routing\\public\\build/manifest.json at E:\\M. RAYHAN LABIB AFIFI IS-05-02\\Semester 4\\Pemrograman Framework\\basic-routing\\vendor\\laravel\\framework\\src\\Illuminate\\Foundation\\Vite.php:728)
[stacktrace]
#0 E:\\M. RAYHAN LABIB AFIFI IS-05-02\\Semester 4\\Pemrograman Framework\\basic-routing\\vendor\\laravel\\framework\\src\\Illuminate\\Foundation\\Vite.php(293): Illuminate\\Foundation\\Vite->manifest('build')
#1 E:\\M. RAYHAN LABIB AFIFI IS-05-02\\Semester 4\\Pemrograman Framework\\basic-routing\\storage\\framework\\views\\c89d32dfa7327c06edefe811d6fa6f55.php(8): Illuminate\\Foundation\\Vite->__invoke(Object(Illuminate\\Support\\Collection))
#2 E:\\M. RAYHAN LABIB AFIFI IS-05-02\\Semester 4\\Pemrograman Framework\\basic-routing\\vendor\\laravel\\framework\\src\\Illuminate\\Filesystem\\Filesystem.php(123): require('E:\\\\M. RAYHAN LA...')
#3 E:\\M. RAYHAN LABIB AFIFI IS-05-02\\Semester 4\\Pemrograman Framework\\basic-routing\\vendor\\laravel\\framework\\src\\Illuminate\\Filesystem\\Filesystem.php(124): Illuminate\\Filesystem\\Filesystem::Illuminate\\Filesystem\\{closure}()
#4 E:\\M. RAYHAN LABIB AFIFI IS-05-02\\Semester 4\\Pemrograman Framework\\basic-routing\\vendor\\laravel\\framework\\src\\Illuminate\\View\\Engines\\PhpEngine.php(58): Illuminate\\Filesystem\\Filesystem->getRequire('E:\\\\M. RAYHAN LA...', Array)
#5 E:\\M. RAYHAN LABIB AFIFI IS-05-02\\Semester 4\\Pemrograman Framework\\basic-routing\\vendor\\laravel\\framework\\src\\Illuminate\\View\\Engines\\CompilerEngine.php(72): Illuminate\\View\\Engines\\PhpEngine->evaluatePath('E:\\\\M. RAYHAN LA...', Array)
#6 E:\\M. RAYHAN LABIB AFIFI IS-05-02\\Semester 4\\Pemrograman Framework\\basic-routing\\vendor\\laravel\\framework\\src\\Illuminate\\View\\View.php(207): Illuminate\\View\\Engines\\CompilerEngine->get('E:\\\\M. RAYHAN LA...', Array)
#7 E:\\M. RAYHAN LABIB AFIFI IS-05-02\\Semester 4\\Pemrograman Framework\\basic-routing\\vendor\\laravel\\framework\\src\\Illuminate\\View\\View.php(190): Illuminate\\View\\View->getContents()
#8 E:\\M. RAYHAN LABIB AFIFI IS-05-02\\Semester 4\\Pemrograman Framework\\basic-routing\\vendor\\laravel\\framework\\src\\Illuminate\\View\\View.php(159): Illuminate\\View\\View->renderContents()
#9 E:\\M. RAYHAN LABIB AFIFI IS-05-02\\Semester 4\\Pemrograman Framework\\basic-routing\\vendor\\laravel\\framework\\src\\Illuminate\\Http\\Response.php(69): Illuminate\\View\\View->render()
#10 E:\\M. RAYHAN LABIB AFIFI IS-05-02\\Semester 4\\Pemrograman Framework\\basic-routing\\vendor\\laravel\\framework\\src\\Illuminate\\Http\\Response.php(35): Illuminate\\Http\\Response->setContent(Object(Illuminate\\View\\View))
#11 E:\\M. RAYHAN LABIB AFIFI IS-05-02\\Semester 4\\Pemrograman Framework\\basic-routing\\vendor\\laravel\\framework\\src\\Illuminate\\Routing\\Router.php(918): Illuminate\\Http\\Response->__construct(Object(Illuminate\\View\\View), 200, Array)
#12 E:\\M. RAYHAN LABIB AFIFI IS-05-02\\Semester 4\\Pemrograman Framework\\basic-routing\\vendor\\laravel\\framework\\src\\Illuminate\\Routing\\Router.php(885): Illuminate\\Routing\\Router::toResponse(Object(Illuminate\\Http\\Request), Object(Illuminate\\View\\View))
#13 E:\\M. RAYHAN LABIB AFIFI IS-05-02\\Semester 4\\Pemrograman Framework\\basic-routing\\vendor\\laravel\\framework\\src\\Illuminate\\Routing\\Router.php(805): Illuminate\\Routing\\Router->prepareResponse(Object(Illuminate\\Http\\Request), Object(Illuminate\\View\\View))
#14 E:\\M. RAYHAN LABIB AFIFI IS-05-02\\Semester 4\\Pemrograman Framework\\basic-routing\\vendor\\laravel\\framework\\src\\Illuminate\\Pipeline\\Pipeline.php(144): Illuminate\\Routing\\Router->Illuminate\\Routing\\{closure}(Object(Illuminate\\Http\\Request))
#15 E:\\M. RAYHAN LABIB AFIFI IS-05-02\\Semester 4\\Pemrograman Framework\\basic-routing\\vendor\\laravel\\framework\\src\\Illuminate\\Routing\\Middleware\\SubstituteBindings.php(50): Illuminate\\Pipeline\\Pipeline->Illuminate\\Pipeline\\{closure}(Object(Illuminate\\Http\\Request))
#16 E:\\M. RAYHAN LABIB AFIFI IS-05-02\\Semester 4\\Pemrograman Framework\\basic-routing\\vendor\\laravel\\framework\\src\\Illuminate\\Pipeline\\Pipeline.php(183): Illuminate\\Routing\\Middleware\\SubstituteBindings->handle(Object(Illuminate\\Http\\Request), Object(Closure))
#17 E:\\M. RAYHAN LABIB AFIFI IS-05-02\\Semester 4\\Pemrograman Framework\\basic-routing\\vendor\\laravel\\framework\\src\\Illuminate\\Foundation\\Http\\Middleware\\VerifyCsrfToken.php(78): Illuminate\\Pipeline\\Pipeline->Illuminate\\Pipeline\\{closure}(Object(Illuminate\\Http\\Request))
#18 E:\\M. RAYHAN LABIB AFIFI IS-05-02\\Semester 4\\Pemrograman Framework\\basic-routing\\vendor\\laravel\\framework\\src\\Illuminate\\Pipeline\\Pipeline.php(183): Illuminate\\Foundation\\Http\\Middleware\\VerifyCsrfToken->handle(Object(Illuminate\\Http\\Request), Object(Closure))
#19 E:\\M. RAYHAN LABIB AFIFI IS-05-02\\Semester 4\\Pemrograman Framework\\basic-routing\\vendor\\laravel\\framework\\src\\Illuminate\\View\\Middleware\\ShareErrorsFromSession.php(49): Illuminate\\Pipeline\\Pipeline->Illuminate\\Pipeline\\{closure}(Object(Illuminate\\Http\\Request))
#20 E:\\M. RAYHAN LABIB AFIFI IS-05-02\\Semester 4\\Pemrograman Framework\\basic-routing\\vendor\\laravel\\framework\\src\\Illuminate\\Pipeline\\Pipeline.php(183): Illuminate\\View\\Middleware\\ShareErrorsFromSession->handle(Object(Illuminate\\Http\\Request), Object(Closure))
#21 E:\\M. RAYHAN LABIB AFIFI IS-05-02\\Semester 4\\Pemrograman Framework\\basic-routing\\vendor\\laravel\\framework\\src\\Illuminate\\Session\\Middleware\\StartSession.php(121): Illuminate\\Pipeline\\Pipeline->Illuminate\\Pipeline\\{closure}(Object(Illuminate\\Http\\Request))
#22 E:\\M. RAYHAN LABIB AFIFI IS-05-02\\Semester 4\\Pemrograman Framework\\basic-routing\\vendor\\laravel\\framework\\src\\Illuminate\\Session\\Middleware\\StartSession.php(64): Illuminate\\Session\\Middleware\\StartSession->handleStatefulRequest(Object(Illuminate\\Http\\Request), Object(Illuminate\\Session\\Store), Object(Closure))
#23 E:\\M. RAYHAN LABIB AFIFI IS-05-02\\Semester 4\\Pemrograman Framework\\basic-routing\\vendor\\laravel\\framework\\src\\Illuminate\\Pipeline\\Pipeline.php(183): Illuminate\\Session\\Middleware\\StartSession->handle(Object(Illuminate\\Http\\Request), Object(Closure))
#24 E:\\M. RAYHAN LABIB AFIFI IS-05-02\\Semester 4\\Pemrograman Framework\\basic-routing\\vendor\\laravel\\framework\\src\\Illuminate\\Cookie\\Middleware\\AddQueuedCookiesToResponse.php(37): Illuminate\\Pipeline\\Pipeline->Illuminate\\Pipeline\\{closure}(Object(Illuminate\\Http\\Request))
#25 E:\\M. RAYHAN LABIB AFIFI IS-05-02\\Semester 4\\Pemrograman Framework\\basic-routing\\vendor\\laravel\\framework\\src\\Illuminate\\Pipeline\\Pipeline.php(183): Illuminate\\Cookie\\Middleware\\AddQueuedCookiesToResponse->handle(Object(Illuminate\\Http\\Request), Object(Closure))
#26 E:\\M. RAYHAN LABIB AFIFI IS-05-02\\Semester 4\\Pemrograman Framework\\basic-routing\\vendor\\laravel\\framework\\src\\Illuminate\\Cookie\\Middleware\\EncryptCookies.php(67): Illuminate\\Pipeline\\Pipeline->Illuminate\\Pipeline\\{closure}(Object(Illuminate\\Http\\Request))
#27 E:\\M. RAYHAN LABIB AFIFI IS-05-02\\Semester 4\\Pemrograman Framework\\basic-routing\\vendor\\laravel\\framework\\src\\Illuminate\\Pipeline\\Pipeline.php(183): Illuminate\\Cookie\\Middleware\\EncryptCookies->handle(Object(Illuminate\\Http\\Request), Object(Closure))
#28 E:\\M. RAYHAN LABIB AFIFI IS-05-02\\Semester 4\\Pemrograman Framework\\basic-routing\\vendor\\laravel\\framework\\src\\Illuminate\\Pipeline\\Pipeline.php(119): Illuminate\\Pipeline\\Pipeline->Illuminate\\Pipeline\\{closure}(Object(Illuminate\\Http\\Request))
#29 E:\\M. RAYHAN LABIB AFIFI IS-05-02\\Semester 4\\Pemrograman Framework\\basic-routing\\vendor\\laravel\\framework\\src\\Illuminate\\Routing\\Router.php(805): Illuminate\\Pipeline\\Pipeline->then(Object(Closure))
#30 E:\\M. RAYHAN LABIB AFIFI IS-05-02\\Semester 4\\Pemrograman Framework\\basic-routing\\vendor\\laravel\\framework\\src\\Illuminate\\Routing\\Router.php(784): Illuminate\\Routing\\Router->runRouteWithinStack(Object(Illuminate\\Routing\\Route), Object(Illuminate\\Http\\Request))
#31 E:\\M. RAYHAN LABIB AFIFI IS-05-02\\Semester 4\\Pemrograman Framework\\basic-routing\\vendor\\laravel\\framework\\src\\Illuminate\\Routing\\Router.php(748): Illuminate\\Routing\\Router->runRoute(Object(Illuminate\\Http\\Request), Object(Illuminate\\Routing\\Route))
#32 E:\\M. RAYHAN LABIB AFIFI IS-05-02\\Semester 4\\Pemrograman Framework\\basic-routing\\vendor\\laravel\\framework\\src\\Illuminate\\Routing\\Router.php(737): Illuminate\\Routing\\Router->dispatchToRoute(Object(Illuminate\\Http\\Request))
#33 E:\\M. RAYHAN LABIB AFIFI IS-05-02\\Semester 4\\Pemrograman Framework\\basic-routing\\vendor\\laravel\\framework\\src\\Illuminate\\Foundation\\Http\\Kernel.php(200): Illuminate\\Routing\\Router->dispatch(Object(Illuminate\\Http\\Request))
#34 E:\\M. RAYHAN LABIB AFIFI IS-05-02\\Semester 4\\Pemrograman Framework\\basic-routing\\vendor\\laravel\\framework\\src\\Illuminate\\Pipeline\\Pipeline.php(144): Illuminate\\Foundation\\Http\\Kernel->Illuminate\\Foundation\\Http\\{closure}(Object(Illuminate\\Http\\Request))
#35 E:\\M. RAYHAN LABIB AFIFI IS-05-02\\Semester 4\\Pemrograman Framework\\basic-routing\\vendor\\laravel\\framework\\src\\Illuminate\\Foundation\\Http\\Middleware\\TransformsRequest.php(21): Illuminate\\Pipeline\\Pipeline->Illuminate\\Pipeline\\{closure}(Object(Illuminate\\Http\\Request))
#36 E:\\M. RAYHAN LABIB AFIFI IS-05-02\\Semester 4\\Pemrograman Framework\\basic-routing\\vendor\\laravel\\framework\\src\\Illuminate\\Foundation\\Http\\Middleware\\ConvertEmptyStringsToNull.php(31): Illuminate\\Foundation\\Http\\Middleware\\TransformsRequest->handle(Object(Illuminate\\Http\\Request), Object(Closure))
#37 E:\\M. RAYHAN LABIB AFIFI IS-05-02\\Semester 4\\Pemrograman Framework\\basic-routing\\vendor\\laravel\\framework\\src\\Illuminate\\Pipeline\\Pipeline.php(183): Illuminate\\Foundation\\Http\\Middleware\\ConvertEmptyStringsToNull->handle(Object(Illuminate\\Http\\Request), Object(Closure))
#38 E:\\M. RAYHAN LABIB AFIFI IS-05-02\\Semester 4\\Pemrograman Framework\\basic-routing\\vendor\\laravel\\framework\\src\\Illuminate\\Foundation\\Http\\Middleware\\TransformsRequest.php(21): Illuminate\\Pipeline\\Pipeline->Illuminate\\Pipeline\\{closure}(Object(Illuminate\\Http\\Request))
#39 E:\\M. RAYHAN LABIB AFIFI IS-05-02\\Semester 4\\Pemrograman Framework\\basic-routing\\vendor\\laravel\\framework\\src\\Illuminate\\Foundation\\Http\\Middleware\\TrimStrings.php(40): Illuminate\\Foundation\\Http\\Middleware\\TransformsRequest->handle(Object(Illuminate\\Http\\Request), Object(Closure))
#40 E:\\M. RAYHAN LABIB AFIFI IS-05-02\\Semester 4\\Pemrograman Framework\\basic-routing\\vendor\\laravel\\framework\\src\\Illuminate\\Pipeline\\Pipeline.php(183): Illuminate\\Foundation\\Http\\Middleware\\TrimStrings->handle(Object(Illuminate\\Http\\Request), Object(Closure))
#41 E:\\M. RAYHAN LABIB AFIFI IS-05-02\\Semester 4\\Pemrograman Framework\\basic-routing\\vendor\\laravel\\framework\\src\\Illuminate\\Foundation\\Http\\Middleware\\ValidatePostSize.php(27): Illuminate\\Pipeline\\Pipeline->Illuminate\\Pipeline\\{closure}(Object(Illuminate\\Http\\Request))
#42 E:\\M. RAYHAN LABIB AFIFI IS-05-02\\Semester 4\\Pemrograman Framework\\basic-routing\\vendor\\laravel\\framework\\src\\Illuminate\\Pipeline\\Pipeline.php(183): Illuminate\\Foundation\\Http\\Middleware\\ValidatePostSize->handle(Object(Illuminate\\Http\\Request), Object(Closure))
#43 E:\\M. RAYHAN LABIB AFIFI IS-05-02\\Semester 4\\Pemrograman Framework\\basic-routing\\vendor\\laravel\\framework\\src\\Illuminate\\Foundation\\Http\\Middleware\\PreventRequestsDuringMaintenance.php(99): Illuminate\\Pipeline\\Pipeline->Illuminate\\Pipeline\\{closure}(Object(Illuminate\\Http\\Request))
#44 E:\\M. RAYHAN LABIB AFIFI IS-05-02\\Semester 4\\Pemrograman Framework\\basic-routing\\vendor\\laravel\\framework\\src\\Illuminate\\Pipeline\\Pipeline.php(183): Illuminate\\Foundation\\Http\\Middleware\\PreventRequestsDuringMaintenance->handle(Object(Illuminate\\Http\\Request), Object(Closure))
#45 E:\\M. RAYHAN LABIB AFIFI IS-05-02\\Semester 4\\Pemrograman Framework\\basic-routing\\vendor\\laravel\\framework\\src\\Illuminate\\Http\\Middleware\\HandleCors.php(49): Illuminate\\Pipeline\\Pipeline->Illuminate\\Pipeline\\{closure}(Object(Illuminate\\Http\\Request))
#46 E:\\M. RAYHAN LABIB AFIFI IS-05-02\\Semester 4\\Pemrograman Framework\\basic-routing\\vendor\\laravel\\framework\\src\\Illuminate\\Pipeline\\Pipeline.php(183): Illuminate\\Http\\Middleware\\HandleCors->handle(Object(Illuminate\\Http\\Request), Object(Closure))
#47 E:\\M. RAYHAN LABIB AFIFI IS-05-02\\Semester 4\\Pemrograman Framework\\basic-routing\\vendor\\laravel\\framework\\src\\Illuminate\\Http\\Middleware\\TrustProxies.php(39): Illuminate\\Pipeline\\Pipeline->Illuminate\\Pipeline\\{closure}(Object(Illuminate\\Http\\Request))
#48 E:\\M. RAYHAN LABIB AFIFI IS-05-02\\Semester 4\\Pemrograman Framework\\basic-routing\\vendor\\laravel\\framework\\src\\Illuminate\\Pipeline\\Pipeline.php(183): Illuminate\\Http\\Middleware\\TrustProxies->handle(Object(Illuminate\\Http\\Request), Object(Closure))
#49 E:\\M. RAYHAN LABIB AFIFI IS-05-02\\Semester 4\\Pemrograman Framework\\basic-routing\\vendor\\laravel\\framework\\src\\Illuminate\\Pipeline\\Pipeline.php(119): Illuminate\\Pipeline\\Pipeline->Illuminate\\Pipeline\\{closure}(Object(Illuminate\\Http\\Request))
#50 E:\\M. RAYHAN LABIB AFIFI IS-05-02\\Semester 4\\Pemrograman Framework\\basic-routing\\vendor\\laravel\\framework\\src\\Illuminate\\Foundation\\Http\\Kernel.php(175): Illuminate\\Pipeline\\Pipeline->then(Object(Closure))
#51 E:\\M. RAYHAN LABIB AFIFI IS-05-02\\Semester 4\\Pemrograman Framework\\basic-routing\\vendor\\laravel\\framework\\src\\Illuminate\\Foundation\\Http\\Kernel.php(144): Illuminate\\Foundation\\Http\\Kernel->sendRequestThroughRouter(Object(Illuminate\\Http\\Request))
#52 E:\\M. RAYHAN LABIB AFIFI IS-05-02\\Semester 4\\Pemrograman Framework\\basic-routing\\public\\index.php(51): Illuminate\\Foundation\\Http\\Kernel->handle(Object(Illuminate\\Http\\Request))
#53 E:\\M. RAYHAN LABIB AFIFI IS-05-02\\Semester 4\\Pemrograman Framework\\basic-routing\\vendor\\laravel\\framework\\src\\Illuminate\\Foundation\\resources\\server.php(16): require_once('E:\\\\M. RAYHAN LA...')
#54 {main}
"} 
